<?xml version="1.0" encoding="UTF-8"?>
<!-- Generated by org.testng.reporters.JUnitXMLReporter -->
<testsuite ignored="1" hostname="DESKTOP-89KUPK1" failures="0" tests="1" name="Login Tests" time="15.3" errors="0" timestamp="2025-07-10T10:58:33 IST">
  <testcase classname="com.edwindpk.automation.tests.LoginTest" name="testValidLogin" time="1.267"/>
  <testcase classname="com.edwindpk.automation.tests.LoginTest" name="testInvalidLoginWithExcel" time="0.0">
    <ignored/>
  </testcase> <!-- testInvalidLoginWithExcel -->
</testsuite> <!-- Login Tests -->
