<?xml version="1.0" encoding="UTF-8"?>
<!-- Generated by org.testng.reporters.JUnitXMLReporter -->
<testsuite ignored="1" hostname="DESKTOP-89KUPK1" failures="0" tests="1" name="EdgeTests" time="15.751" errors="0" timestamp="2025-07-10T11:16:27 IST">
  <testcase classname="com.edwindpk.automation.tests.LoginTest" name="testValidLogin" time="1.641"/>
  <testcase classname="com.edwindpk.automation.tests.LoginTest" name="testInvalidLoginWithExcel" time="0.0">
    <ignored/>
  </testcase> <!-- testInvalidLoginWithExcel -->
</testsuite> <!-- EdgeTests -->
