<?xml version="1.0" encoding="UTF-8"?>
<!-- Generated by org.testng.reporters.JUnitXMLReporter -->
<testsuite ignored="1" hostname="DESKTOP-89KUPK1" failures="0" tests="1" name="FirefoxTests" time="12.735" errors="0" timestamp="2025-07-10T11:16:24 IST">
  <testcase classname="com.edwindpk.automation.tests.LoginTest" name="testValidLogin" time="0.0">
    <skipped/>
  </testcase> <!-- testValidLogin -->
  <testcase classname="com.edwindpk.automation.tests.LoginTest" name="testInvalidLoginWithExcel" time="0.0">
    <ignored/>
  </testcase> <!-- testInvalidLoginWithExcel -->
</testsuite> <!-- FirefoxTests -->
